[2026-02-24 22:19:37] No queue files found.
[2026-02-24 22:19:50] Processing queue file: C:\Users\Phill\AppData\Local\Temp\openlinks_email_queue_7be4a8aeb5544fb2ba19526001530cae.json
[2026-02-24 22:19:50] Skipped invalid recipient: 
[2026-02-24 22:19:50] Skipped invalid recipient: 
[2026-02-24 22:19:50] Skipped invalid recipient: 
[2026-02-24 22:23:47] Processing queue file: C:\Users\Phill\AppData\Local\Temp\openlinks_email_queue_699e16e2d7d295.77932368.json
[2026-02-24 22:23:48] SENT to system@openlinks.co.za | subject: PHP Queue Test 2026-02-24 22:23:46
[2026-02-28 20:01:15] SENT direct to s220888914@mandela.ac.za | subject: A Job Has Been Created : Job ID 10001
[2026-02-28 20:01:15] SENT direct to phillipsibanda711@gmail.com | subject: A Job Has Been Created : Job ID 10001
[2026-02-28 20:01:16] SENT direct to phillipsibs@outlook.com | subject: A Job Has Been Created : Job ID 10001
[2026-02-28 20:01:16] SENT direct to clientreptesting@openlinks.co.za | subject: A Job Has Been Created : Job ID 10001
[2026-02-28 20:01:17] SENT direct to clientesting@openlinks.co.za | subject: A Job Has Been Created : Job ID 10001
[2026-02-28 20:08:08] SENT direct to s220888914@mandela.ac.za | subject: A Job Has Been Created : Job ID 10002
[2026-02-28 20:08:08] SENT direct to phillipsibanda711@gmail.com | subject: A Job Has Been Created : Job ID 10002
[2026-02-28 20:08:08] SENT direct to phillipsibs@outlook.com | subject: A Job Has Been Created : Job ID 10002
[2026-02-28 20:08:09] SENT direct to clientreptesting@openlinks.co.za | subject: A Job Has Been Created : Job ID 10002
[2026-02-28 20:08:09] SENT direct to clientesting@openlinks.co.za | subject: A Job Has Been Created : Job ID 10002
[2026-02-28 21:12:27] SENT direct to s220888914@mandela.ac.za | subject: A Job Has Been Created : Job ID 10003
[2026-02-28 21:12:27] SENT direct to phillipsibanda711@gmail.com | subject: A Job Has Been Created : Job ID 10003
[2026-02-28 21:12:27] SENT direct to phillipsibs@outlook.com | subject: A Job Has Been Created : Job ID 10003
[2026-02-28 21:12:28] SENT direct to clientreptesting@openlinks.co.za | subject: A Job Has Been Created : Job ID 10003
[2026-02-28 21:12:28] SENT direct to clientesting@openlinks.co.za | subject: A Job Has Been Created : Job ID 10003
[2026-02-28 21:31:05] SENT direct to s220888914@mandela.ac.za | subject: A Job Has Been Created : Job ID 10004
[2026-02-28 21:31:06] SENT direct to phillipsibanda711@gmail.com | subject: A Job Has Been Created : Job ID 10004
[2026-02-28 21:31:06] SENT direct to phillipsibs@outlook.com | subject: A Job Has Been Created : Job ID 10004
[2026-02-28 21:31:06] SENT direct to clientreptesting@openlinks.co.za | subject: A Job Has Been Created : Job ID 10004
[2026-02-28 21:31:07] SENT direct to clientesting@openlinks.co.za | subject: A Job Has Been Created : Job ID 10004
[2026-02-28 15:51:21] SENT direct to s220888914@mandela.ac.za | subject: You Have Been Assigned an Activity for Job ID 10004
[2026-02-28 16:02:47] SENT direct to phillipsibs@outlook.com | subject: You Have Been Assigned an Activity for Job ID 10004
[2026-02-28 17:08:17] SENT direct to s220888914@mandela.ac.za | subject: You Have Been Assigned an Activity for Job ID 10004
[2026-02-28 17:09:22] SENT direct to phillipsibs@outlook.com | subject: You Have Been Assigned an Activity for Job ID 10004
[2026-02-28 17:09:23] SENT direct to clientesting@openlinks.co.za | subject: Resourcing Completed for Job ID 10004
[2026-02-28 17:09:23] SENT direct to clientreptesting@openlinks.co.za | subject: Resourcing Completed for Job ID 10004
[2026-02-28 17:09:24] SENT direct to phillipsibanda711@gmail.com | subject: Your Team Has Been Fully Assigned for Job ID 10004
[2026-02-28 17:19:27] SENT direct to s220888914@mandela.ac.za | subject: You Have Been Assigned an Activity for Job ID 10004
[2026-02-28 17:20:46] SENT direct to phillipsibs@outlook.com | subject: You Have Been Assigned an Activity for Job ID 10004
[2026-02-28 17:24:11] SENT direct to phillipsibs@outlook.com | subject: You Have Been Assigned an Activity for Job ID 10004
[2026-02-28 17:24:11] SENT direct to clientesting@openlinks.co.za | subject: Resourcing Completed for Job ID 10004
[2026-02-28 17:24:11] SENT direct to s220888914@mandela.ac.za | subject: You Have Been Assigned an Activity for Job ID 10004
[2026-02-28 17:24:11] SENT direct to clientreptesting@openlinks.co.za | subject: Resourcing Completed for Job ID 10004
[2026-02-28 17:24:12] SENT direct to phillipsibanda711@gmail.com | subject: Your Team Has Been Fully Assigned for Job ID 10004
[2026-02-28 16:51:19] SENT direct to phillipsibanda12@yahoo.com | subject: Welcome to OpenLinks - Entity Created
[2026-02-28 16:51:19] SENT direct to system@openlinks.co.za | subject: New Entity Created in OpenLinks System
[2026-02-28 23:54:05] SENT direct to s220888914@mandela.ac.za | subject: You Have Been Assigned to Support a New Entity
[2026-02-28 23:54:05] SENT direct to phillipsibanda12@yahoo.com | subject: Resource Orbit  Member Assigned to Your Entity
[2026-02-28 20:51:58] SENT direct to phillipsibanda12@yahoo.com | subject: A Team Has Been created Team Rogerz
[2026-02-28 20:51:58] SENT direct to s220888914@mandela.ac.za | subject: Welcome to the Team Rogerz Team
[2026-02-28 20:51:59] SENT direct to phillipsibanda12@yahoo.com | subject: Welcome to the Team Rogerz Team
[2026-02-28 20:54:44] SENT direct to s220888914@mandela.ac.za | subject: Team Team Rogerz Assigned working Weeks
[2026-02-28 20:54:53] SENT direct to phillipsibanda12@yahoo.com | subject: Team Team Rogerz Assigned working Weeks
[2026-02-28 20:55:05] SENT direct to phillipsibanda12@yahoo.com | subject: Team Scheduled: Team Rogerz
[2026-03-01 04:23:22] SENT direct to s220888914@mandela.ac.za | subject: A Job Has Been Created : Job ID 10005
[2026-03-01 04:23:26] SENT direct to phillipsibanda12@yahoo.com | subject: A Job Has Been Created : Job ID 10005
[2026-03-01 04:23:33] SENT direct to phillipsibanda711@gmail.com | subject: A Job Has Been Created : Job ID 10005
[2026-02-28 22:31:57] SENT direct to s220888914@mandela.ac.za | subject: You Have Been Assigned an Activity for Job ID 10005
[2026-02-28 22:31:59] SENT direct to phillipsibanda711@gmail.com | subject: Resourcing Completed for Job ID 10005
[2026-02-28 22:31:59] SENT direct to phillipsibanda12@yahoo.com | subject: Your Team Has Been Fully Assigned for Job ID 10005
[2026-03-01 04:41:59] SENT direct to phillipsibanda12@yahoo.com | subject: DONE Request for Job ID 10005
[2026-03-01 04:42:04] SENT direct to s220888914@mandela.ac.za | subject: DONE Request Submitted for Job ID 10005
[2026-02-28 21:55:22] SENT direct to phillipsibanda711@gmail.com | subject: DONE Request for Job ID 10004
[2026-02-28 21:55:22] SENT direct to s220888914@mandela.ac.za | subject: DONE Request Submitted for Job ID 10004
[2026-02-28 21:55:34] SENT direct to phillipsibanda711@gmail.com | subject: DONE Request for Job ID 10004
[2026-02-28 21:55:39] SENT direct to s220888914@mandela.ac.za | subject: DONE Request Submitted for Job ID 10004
[2026-03-02 02:53:35] SENT direct to clientesting@openlinks.co.za | subject: Assigned a New Entity that will Service Your Account
[2026-03-02 02:53:35] SENT direct to phillipsibanda12@yahoo.com | subject: Orbit Account Assigned to Entity To Service
[2026-03-02 15:15:19] SENT direct to customers@insideprofit.co.za | subject: Assigned a New Entity that will Service Your Account
[2026-03-02 15:15:20] SENT direct to phillipsibanda711@gmail.com | subject: Orbit Account Assigned to Entity To Service
[2026-03-02 15:26:27] SENT direct to phillipsibs@outlook.com | subject: You Have Been Assigned to Support a New Entity
[2026-03-02 15:26:32] SENT direct to phillipsibanda12@yahoo.com | subject: Resource Orbit  Member Assigned to Your Entity
[2026-03-02 08:30:21] SENT direct to phillipsibanda12@yahoo.com | subject: A Team Has Been created Generous Team
[2026-03-02 08:30:23] SENT direct to s220888914@mandela.ac.za | subject: Welcome to the Generous Team Team
[2026-03-02 08:30:24] SENT direct to phillipsibs@outlook.com | subject: Welcome to the Generous Team Team
[2026-03-02 08:30:25] SENT direct to phillipsibanda12@yahoo.com | subject: Welcome to the Generous Team Team
[2026-03-02 08:30:48] SENT direct to s220888914@mandela.ac.za | subject: Team Generous Team Assigned working Weeks
[2026-03-02 08:30:51] SENT direct to phillipsibs@outlook.com | subject: Team Generous Team Assigned working Weeks
[2026-03-02 08:30:55] SENT direct to phillipsibanda12@yahoo.com | subject: Team Generous Team Assigned working Weeks
[2026-03-02 08:30:58] SENT direct to phillipsibanda12@yahoo.com | subject: Team Scheduled: Generous Team
[2026-03-02 15:32:29] SENT direct to s220888914@mandela.ac.za | subject: A Job Has Been Created : Job ID 10006
[2026-03-02 15:32:30] SENT direct to phillipsibanda12@yahoo.com | subject: A Job Has Been Created : Job ID 10006
[2026-03-02 15:32:30] SENT direct to phillipsibs@outlook.com | subject: A Job Has Been Created : Job ID 10006
[2026-03-02 15:32:32] SENT direct to info@insideprofit.co.za | subject: A Job Has Been Created : Job ID 10006
[2026-03-02 15:32:33] SENT direct to customers@insideprofit.co.za | subject: A Job Has Been Created : Job ID 10006
[2026-03-02 09:35:06] SENT direct to phillipsibs@outlook.com | subject: You Have Been Assigned an Activity for Job ID 10006
[2026-03-02 09:35:06] SENT direct to customers@insideprofit.co.za | subject: Resourcing Completed for Job ID 10006
[2026-03-02 09:35:07] SENT direct to info@insideprofit.co.za | subject: Resourcing Completed for Job ID 10006
[2026-03-02 09:35:09] SENT direct to phillipsibanda12@yahoo.com | subject: Your Team Has Been Fully Assigned for Job ID 10006
[2026-03-02 08:55:32] SENT direct to phillipsibanda711@gmail.com | subject: DONE Request for Job ID 10004
[2026-03-02 08:55:34] SENT direct to phillipsibs@outlook.com | subject: DONE Request Submitted for Job ID 10004
[2026-03-02 09:07:41] SENT direct to phillipsibanda12@yahoo.com | subject: DONE Request for Job ID 10006
[2026-03-02 09:07:43] SENT direct to phillipsibs@outlook.com | subject: DONE Request Submitted for Job ID 10006
[2026-03-02 16:15:24] SENT direct to phillipsibanda711@gmail.com | subject: Activity SIGNED OFF for Job ID 10004
[2026-03-02 16:15:25] SENT direct to phillipsibs@outlook.com | subject: Your Activity Has Been SIGNED OFF for Job ID 10004
[2026-03-02 10:20:48] SENT direct to phillipsibs@outlook.com | subject: You Have Been Assigned an Activity for Job ID 10003
[2026-03-02 09:22:39] FAILED direct to phillipsibanda711@gmail.com | subject: DONE Request for Job ID 10003 | error: SMTP Error: Could not connect to SMTP host. Failed to connect to server SMTP server error: Failed to connect to server SMTP code: 10060 Additional SMTP info: A connection attempt failed because the connected party did not properly respond after a period of time, or established connection failed because connected host has failed to respond
[2026-03-02 09:22:47] SENT direct to phillipsibs@outlook.com | subject: DONE Request Submitted for Job ID 10003
[2026-03-02 16:25:46] SENT direct to phillipsibanda711@gmail.com | subject: Activity SIGNED OFF for Job ID 10003
[2026-03-02 16:25:47] SENT direct to phillipsibs@outlook.com | subject: Your Activity Has Been SIGNED OFF for Job ID 10003
[2026-03-02 16:33:29] SENT direct to s220888914@mandela.ac.za | subject: A Job Has Been Created : Job ID 10007
[2026-03-02 16:33:30] SENT direct to phillipsibanda711@gmail.com | subject: A Job Has Been Created : Job ID 10007
[2026-03-02 16:33:31] SENT direct to phillipsibs@outlook.com | subject: A Job Has Been Created : Job ID 10007
[2026-03-02 16:33:32] SENT direct to clientreptesting@openlinks.co.za | subject: A Job Has Been Created : Job ID 10007
[2026-03-02 16:33:32] SENT direct to clientesting@openlinks.co.za | subject: A Job Has Been Created : Job ID 10007
[2026-03-02 09:33:56] SENT direct to phillipsibanda711@gmail.com | subject: Activity SIGNED OFF for Job ID 10004
[2026-03-02 09:33:57] SENT direct to phillipsibs@outlook.com | subject: Your Activity Has Been SIGNED OFF for Job ID 10004
[2026-03-02 10:35:02] SENT direct to phillipsibs@outlook.com | subject: You Have Been Assigned an Activity for Job ID 10003
[2026-03-02 10:35:03] SENT direct to clientesting@openlinks.co.za | subject: Resourcing Completed for Job ID 10003
[2026-03-02 10:35:03] SENT direct to clientreptesting@openlinks.co.za | subject: Resourcing Completed for Job ID 10003
[2026-03-02 10:35:03] SENT direct to phillipsibanda711@gmail.com | subject: Your Team Has Been Fully Assigned for Job ID 10003
[2026-03-02 09:36:46] SENT direct to phillipsibanda711@gmail.com | subject: DONE Request for Job ID 10003
[2026-03-02 09:36:46] SENT direct to phillipsibs@outlook.com | subject: DONE Request Submitted for Job ID 10003
[2026-03-02 10:43:00] SENT direct to phillipsibs@outlook.com | subject: You Have Been Assigned an Activity for Job ID 10007
[2026-03-02 10:43:01] SENT direct to clientesting@openlinks.co.za | subject: Resourcing Completed for Job ID 10007
[2026-03-02 10:43:01] SENT direct to clientreptesting@openlinks.co.za | subject: Resourcing Completed for Job ID 10007
[2026-03-02 10:43:02] SENT direct to phillipsibanda711@gmail.com | subject: Your Team Has Been Fully Assigned for Job ID 10007
[2026-03-02 09:43:27] SENT direct to phillipsibanda711@gmail.com | subject: DONE Request for Job ID 10007
[2026-03-02 09:43:27] SENT direct to phillipsibs@outlook.com | subject: DONE Request Submitted for Job ID 10007
[2026-03-02 09:48:03] SENT direct to phillipsibanda711@gmail.com | subject: Activity SIGNED OFF for Job ID 10007
[2026-03-02 09:48:04] SENT direct to phillipsibs@outlook.com | subject: Your Activity Has Been SIGNED OFF for Job ID 10007
[2026-03-02 10:50:25] SENT direct to phillipsibs@outlook.com | subject: You Have Been Assigned an Activity for Job ID 10002
[2026-03-02 10:50:25] SENT direct to clientesting@openlinks.co.za | subject: Resourcing Completed for Job ID 10002
[2026-03-02 10:50:25] SENT direct to clientreptesting@openlinks.co.za | subject: Resourcing Completed for Job ID 10002
[2026-03-02 10:50:25] SENT direct to phillipsibanda711@gmail.com | subject: Your Team Has Been Fully Assigned for Job ID 10002
[2026-03-02 10:51:24] SENT direct to phillipsibs@outlook.com | subject: You Have Been Assigned an Activity for Job ID 10001
[2026-03-02 10:51:25] SENT direct to clientesting@openlinks.co.za | subject: Resourcing Completed for Job ID 10001
[2026-03-02 10:51:25] SENT direct to clientreptesting@openlinks.co.za | subject: Resourcing Completed for Job ID 10001
[2026-03-02 10:51:25] SENT direct to phillipsibanda711@gmail.com | subject: Your Team Has Been Fully Assigned for Job ID 10001
[2026-03-02 09:56:18] SENT direct to phillipsibanda711@gmail.com | subject: DONE Request for Job ID 10001
[2026-03-02 09:56:19] SENT direct to phillipsibs@outlook.com | subject: DONE Request Submitted for Job ID 10001
[2026-03-02 11:00:18] SENT direct to phillipsibs@outlook.com | subject: You Have Been Assigned an Activity for Job ID 10000
[2026-03-02 11:00:18] SENT direct to clientesting@openlinks.co.za | subject: Resourcing Completed for Job ID 10000
[2026-03-02 11:00:18] SENT direct to clientreptesting@openlinks.co.za | subject: Resourcing Completed for Job ID 10000
[2026-03-02 11:00:19] SENT direct to phillipsibanda711@gmail.com | subject: Your Team Has Been Fully Assigned for Job ID 10000
[2026-03-02 10:01:59] SENT direct to phillipsibanda711@gmail.com | subject: DONE Request for Job ID 10002
[2026-03-02 10:01:59] SENT direct to phillipsibs@outlook.com | subject: DONE Request Submitted for Job ID 10002
[2026-03-02 10:02:37] SENT direct to phillipsibanda711@gmail.com | subject: DONE Request for Job ID 10000
[2026-03-02 10:02:37] SENT direct to phillipsibs@outlook.com | subject: DONE Request Submitted for Job ID 10000
[2026-03-02 10:04:37] SENT direct to phillipsibs@outlook.com | subject: Welcome to the Team Rogerz Team
[2026-03-02 10:04:38] SENT direct to phillipsibanda12@yahoo.com | subject: Team Update: Member(s) added to Team Rogerz
[2026-03-02 17:05:56] SENT direct to s220888914@mandela.ac.za | subject: A Job Has Been Created : Job ID 10008
[2026-03-02 17:05:56] SENT direct to phillipsibanda12@yahoo.com | subject: A Job Has Been Created : Job ID 10008
[2026-03-02 17:05:56] SENT direct to phillipsibs@outlook.com | subject: A Job Has Been Created : Job ID 10008
[2026-03-02 17:05:56] SENT direct to info@insideprofit.co.za | subject: A Job Has Been Created : Job ID 10008
[2026-03-02 17:05:57] SENT direct to customers@insideprofit.co.za | subject: A Job Has Been Created : Job ID 10008
[2026-03-02 11:06:07] SENT direct to phillipsibs@outlook.com | subject: You Have Been Assigned an Activity for Job ID 10008
[2026-03-02 11:06:07] SENT direct to customers@insideprofit.co.za | subject: Resourcing Completed for Job ID 10008
[2026-03-02 11:06:07] SENT direct to info@insideprofit.co.za | subject: Resourcing Completed for Job ID 10008
[2026-03-02 11:06:08] SENT direct to phillipsibanda12@yahoo.com | subject: Your Team Has Been Fully Assigned for Job ID 10008
[2026-03-02 10:09:48] SENT direct to phillipsibanda12@yahoo.com | subject: DONE Request for Job ID 10008
[2026-03-02 10:09:49] SENT direct to phillipsibs@outlook.com | subject: DONE Request Submitted for Job ID 10008
[2026-03-02 10:11:07] SENT direct to phillipsibanda711@gmail.com | subject: Activity SIGNED OFF for Job ID 10000
[2026-03-02 10:11:08] SENT direct to phillipsibs@outlook.com | subject: Your Activity Has Been SIGNED OFF for Job ID 10000
[2026-03-02 10:12:14] SENT direct to phillipsibanda711@gmail.com | subject: Activity SIGNED OFF for Job ID 10001
[2026-03-02 10:12:14] SENT direct to phillipsibs@outlook.com | subject: Your Activity Has Been SIGNED OFF for Job ID 10001
[2026-03-02 10:31:16] SENT direct to phillipsibanda12@yahoo.com | subject: Activity SIGNED OFF for Job ID 10006
[2026-03-02 10:31:16] SENT direct to phillipsibs@outlook.com | subject: Your Activity Has Been SIGNED OFF for Job ID 10006
[2026-03-02 17:32:44] SENT direct to customers@insideprofit.co.za | subject: Job Completion Summary: We trying out a job here
[2026-03-02 17:32:45] SENT direct to info@insideprofit.co.za | subject: Job Completion Summary: We trying out a job here
[2026-03-02 17:32:45] SENT direct to phillipsibanda12@yahoo.com | subject: Job Completion Summary: We trying out a job here
[2026-03-02 10:37:19] SENT direct to phillipsibanda12@yahoo.com | subject: Activity SIGNED OFF for Job ID 10008
[2026-03-02 10:37:20] SENT direct to phillipsibs@outlook.com | subject: Your Activity Has Been SIGNED OFF for Job ID 10008
[2026-03-02 17:37:25] SENT direct to customers@insideprofit.co.za | subject: Job Completion Summary: zoe testing job
[2026-03-02 17:37:25] SENT direct to info@insideprofit.co.za | subject: Job Completion Summary: zoe testing job
[2026-03-02 17:37:25] SENT direct to phillipsibanda12@yahoo.com | subject: Job Completion Summary: zoe testing job
[2026-03-02 10:48:16] SENT direct to phillipsibanda711@gmail.com | subject: DONE Request for Job ID 10004
[2026-03-02 10:48:16] SENT direct to s220888914@mandela.ac.za | subject: DONE Request Submitted for Job ID 10004
[2026-03-02 10:48:28] SENT direct to phillipsibanda12@yahoo.com | subject: DONE Request for Job ID 10005
[2026-03-02 10:48:28] SENT direct to s220888914@mandela.ac.za | subject: DONE Request Submitted for Job ID 10005
[2026-03-02 10:51:14] SENT direct to phillipsibanda12@yahoo.com | subject: Activity SIGNED OFF for Job ID 10005
[2026-03-02 10:51:14] SENT direct to s220888914@mandela.ac.za | subject: Your Activity Has Been SIGNED OFF for Job ID 10005
[2026-03-02 17:51:41] SENT direct to phillipsibanda711@gmail.com | subject: Job Completion Summary: Lets try this job
[2026-03-02 17:51:41] SENT direct to phillipsibanda711@gmail.com | subject: Job Completion Summary: Lets try this job
[2026-03-02 17:51:42] SENT direct to phillipsibanda12@yahoo.com | subject: Job Completion Summary: Lets try this job
[2026-03-02 18:03:03] SENT direct to clientesting@openlinks.co.za | subject: Job Completion Summary: Job Management System
[2026-03-02 18:03:03] SENT direct to clientreptesting@openlinks.co.za | subject: Job Completion Summary: Job Management System
[2026-03-02 18:03:04] SENT direct to phillipsibanda711@gmail.com | subject: Job Completion Summary: Job Management System
[2026-03-02 11:19:24] SENT direct to phillipsibanda711@gmail.com | subject: Activity SIGNED OFF for Job ID 10002
[2026-03-02 11:19:24] SENT direct to phillipsibs@outlook.com | subject: Your Activity Has Been SIGNED OFF for Job ID 10002
[2026-03-02 11:20:22] SENT direct to phillipsibanda711@gmail.com | subject: Activity SIGNED OFF for Job ID 10004
[2026-03-02 11:20:22] SENT direct to s220888914@mandela.ac.za | subject: Your Activity Has Been SIGNED OFF for Job ID 10004
[2026-03-02 18:21:12] SENT direct to clientesting@openlinks.co.za | subject: Job Completion Summary: zoho 12
[2026-03-02 18:21:12] SENT direct to clientreptesting@openlinks.co.za | subject: Job Completion Summary: zoho 12
[2026-03-02 18:21:13] SENT direct to phillipsibanda711@gmail.com | subject: Job Completion Summary: zoho 12
[2026-03-02 18:21:31] SENT direct to clientesting@openlinks.co.za | subject: Job Completion Summary: Too Good man
[2026-03-02 18:21:31] SENT direct to clientreptesting@openlinks.co.za | subject: Job Completion Summary: Too Good man
[2026-03-02 18:21:32] SENT direct to phillipsibanda711@gmail.com | subject: Job Completion Summary: Too Good man
[2026-03-02 21:53:18] SENT direct to phillipsibanda711@gmail.com | subject: New Reminder Created: Reminder of all that
[2026-03-02 21:53:18] SENT direct to customers@insideprofit.co.za | subject: New Reminder Created: Reminder of all that
[2026-03-02 21:53:19] SENT direct to info@insideprofit.co.za | subject: New Reminder Created: Reminder of all that
[2026-03-02 21:53:19] SENT direct to s220888914@mandela.ac.za | subject: New Reminder Created: Reminder of all that
[2026-03-02 21:53:19] SENT direct to phillipsibs@outlook.com | subject: New Reminder Created: Reminder of all that
[2026-03-02 22:54:50] SENT direct to phillipsibanda711@gmail.com | subject: Reminder Trigger: Reminder of all that - 2026-03-02
[2026-03-02 22:54:50] SENT direct to info@insideprofit.co.za | subject: Reminder Trigger: Reminder of all that - 2026-03-02
[2026-03-02 22:54:51] SENT direct to s220888914@mandela.ac.za | subject: Reminder Trigger: Reminder of all that - 2026-03-02
[2026-03-02 22:54:51] SENT direct to phillipsibs@outlook.com | subject: Reminder Trigger: Reminder of all that - 2026-03-02
[2026-03-02 22:56:19] SENT direct to phillipsibanda711@gmail.com | subject: Reminder Trigger: Reminder of all that - 2026-03-02
[2026-03-02 22:56:24] SENT direct to info@insideprofit.co.za | subject: Reminder Trigger: Reminder of all that - 2026-03-02
[2026-03-02 22:56:25] SENT direct to s220888914@mandela.ac.za | subject: Reminder Trigger: Reminder of all that - 2026-03-02
[2026-03-02 22:56:25] SENT direct to phillipsibs@outlook.com | subject: Reminder Trigger: Reminder of all that - 2026-03-02
[2026-03-02 22:14:53] SENT direct to phillipsibanda711@gmail.com | subject: New Reminder Created: Second Test of Reminders yall
[2026-03-02 22:14:53] SENT direct to clientesting@openlinks.co.za | subject: New Reminder Created: Second Test of Reminders yall
[2026-03-02 22:14:53] SENT direct to customers@insideprofit.co.za | subject: New Reminder Created: Second Test of Reminders yall
[2026-03-02 22:14:54] SENT direct to s220888914@mandela.ac.za | subject: New Reminder Created: Second Test of Reminders yall
[2026-03-02 22:14:54] SENT direct to phillipsibs@outlook.com | subject: New Reminder Created: Second Test of Reminders yall
[2026-03-02 23:15:55] SENT direct to phillipsibanda711@gmail.com | subject: Reminder Trigger: Reminder of all that - 2026-03-02
[2026-03-02 23:15:55] SENT direct to info@insideprofit.co.za | subject: Reminder Trigger: Reminder of all that - 2026-03-02
[2026-03-02 23:15:56] SENT direct to s220888914@mandela.ac.za | subject: Reminder Trigger: Reminder of all that - 2026-03-02
[2026-03-02 23:15:56] SENT direct to phillipsibs@outlook.com | subject: Reminder Trigger: Reminder of all that - 2026-03-02
[2026-03-02 22:21:52] SENT direct to phillipsibanda711@gmail.com | subject: New Reminder Created: Lets try one more time yall
[2026-03-02 22:21:52] SENT direct to customers@insideprofit.co.za | subject: New Reminder Created: Lets try one more time yall
[2026-03-02 22:21:52] SENT direct to info@insideprofit.co.za | subject: New Reminder Created: Lets try one more time yall
[2026-03-02 22:21:53] SENT direct to s220888914@mandela.ac.za | subject: New Reminder Created: Lets try one more time yall
[2026-03-02 22:21:53] SENT direct to phillipsibs@outlook.com | subject: New Reminder Created: Lets try one more time yall
[2026-03-02 23:26:56] SENT direct to phillipsibanda711@gmail.com | subject: Reminder Trigger: Lets try one more time yall - 2026-03-02
[2026-03-02 23:26:57] SENT direct to info@insideprofit.co.za | subject: Reminder Trigger: Lets try one more time yall - 2026-03-02
[2026-03-02 23:26:57] SENT direct to s220888914@mandela.ac.za | subject: Reminder Trigger: Lets try one more time yall - 2026-03-02
[2026-03-02 23:26:57] SENT direct to phillipsibs@outlook.com | subject: Reminder Trigger: Lets try one more time yall - 2026-03-02
[2026-03-02 23:27:47] SENT direct to phillipsibanda711@gmail.com | subject: Reminder Trigger: Lets try one more time yall - 2026-03-02
[2026-03-02 23:27:47] SENT direct to info@insideprofit.co.za | subject: Reminder Trigger: Lets try one more time yall - 2026-03-02
[2026-03-02 23:27:47] SENT direct to s220888914@mandela.ac.za | subject: Reminder Trigger: Lets try one more time yall - 2026-03-02
[2026-03-02 23:27:47] SENT direct to phillipsibs@outlook.com | subject: Reminder Trigger: Lets try one more time yall - 2026-03-02
[2026-03-02 22:40:26] SENT direct to phillipsibanda711@gmail.com | subject: New Reminder Created: Set Reminder
[2026-03-02 22:40:26] SENT direct to customers@insideprofit.co.za | subject: New Reminder Created: Set Reminder
[2026-03-02 22:40:26] SENT direct to info@insideprofit.co.za | subject: New Reminder Created: Set Reminder
[2026-03-02 22:40:26] SENT direct to s220888914@mandela.ac.za | subject: New Reminder Created: Set Reminder
[2026-03-02 22:40:27] SENT direct to phillipsibs@outlook.com | subject: New Reminder Created: Set Reminder
[2026-03-03 06:54:35] SENT direct to phillipsibanda12@yahoo.com | subject: DONE Request for Job ID 10659
[2026-03-03 06:54:35] SENT direct to phillipsibanda711@gmail.com | subject: DONE Request Submitted for Job ID 10659
[2026-03-03 07:09:45] SENT direct to phillipsibanda12@yahoo.com | subject: New Reminder Created: Set Reminder
[2026-03-03 07:09:45] SENT direct to phillipsibanda711@gmail.com | subject: New Reminder Created: Set Reminder
[2026-03-03 07:09:45] SENT direct to phillipjone@gmail.com | subject: New Reminder Created: Set Reminder
[2026-03-03 07:09:45] SENT direct to sindile.vena@gmail.com | subject: New Reminder Created: Set Reminder
[2026-03-03 07:09:45] SENT direct to system@openlinks.co.za | subject: New Reminder Created: Set Reminder
[2026-03-03 07:09:45] SENT direct to s220888914@mandela.ac.za | subject: New Reminder Created: Set Reminder
[2026-03-03 09:12:03] SENT direct to phillipsibanda12@yahoo.com | subject: Reminder Trigger: Set Reminder - 2026-03-03
[2026-03-03 09:12:03] SENT direct to phillipjone@gmail.com | subject: Reminder Trigger: Set Reminder - 2026-03-03
[2026-03-03 09:12:03] SENT direct to sindile.vena@gmail.com | subject: Reminder Trigger: Set Reminder - 2026-03-03
[2026-03-03 09:12:03] SENT direct to system@openlinks.co.za | subject: Reminder Trigger: Set Reminder - 2026-03-03
[2026-03-03 09:12:03] SENT direct to s220888914@mandela.ac.za | subject: Reminder Trigger: Set Reminder - 2026-03-03
[2026-03-03 09:12:03] SENT direct to phillipsibanda711@gmail.com | subject: Reminder Trigger: Set Reminder - 2026-03-03
[2026-03-03 07:23:01] SENT direct to phillipsibanda12@yahoo.com | subject: Activity SIGNED OFF for Job ID 10659
[2026-03-03 07:23:01] SENT direct to phillipsibanda711@gmail.com | subject: Your Activity Has Been SIGNED OFF for Job ID 10659
[2026-03-03 10:00:04] SENT direct to phillipsibanda12@yahoo.com | subject: Reminder Trigger: Set Reminder - 2026-03-03
[2026-03-03 10:00:04] SENT direct to phillipjone@gmail.com | subject: Reminder Trigger: Set Reminder - 2026-03-03
[2026-03-03 10:00:04] SENT direct to sindile.vena@gmail.com | subject: Reminder Trigger: Set Reminder - 2026-03-03
[2026-03-03 10:00:05] SENT direct to system@openlinks.co.za | subject: Reminder Trigger: Set Reminder - 2026-03-03
[2026-03-03 10:00:05] SENT direct to s220888914@mandela.ac.za | subject: Reminder Trigger: Set Reminder - 2026-03-03
[2026-03-03 10:00:06] SENT direct to phillipsibanda711@gmail.com | subject: Reminder Trigger: Set Reminder - 2026-03-03
[2026-03-03 18:53:38] SENT direct to Sindileassignedvehicle@openlinks.co.za | subject: Assigned a New Entity that will Service Your Account
[2026-03-03 18:53:38] SENT direct to fleetmanager@openlinks.co.za | subject: Orbit Account Assigned to Entity To Service
[2026-03-03 22:25:50] SENT direct to policiesgovernedbehaviour@gmail.com | subject: Assigned a New Entity that will Service Your Account
[2026-03-03 22:25:51] SENT direct to fleetmanager@openlinks.co.za | subject: Orbit Account Assigned to Entity To Service
[2026-03-04 09:50:50] SENT direct to fleetmanager@openlinks.co.za | subject: A Team Has Been created Qaulity Service Maintaince  Protocols 
[2026-03-04 09:50:50] SENT direct to fleetmanager@openlinks.co.za | subject: Welcome to the Qaulity Service Maintaince  Protocols  Team
[2026-03-04 09:50:50] SENT direct to driver1@openlinks.co.za | subject: Welcome to the Qaulity Service Maintaince  Protocols  Team
[2026-03-04 09:50:50] SENT direct to x.kalani1@gmail.com | subject: Welcome to the Qaulity Service Maintaince  Protocols  Team
[2026-03-04 09:50:50] SENT direct to driver2@openlinks.co.za | subject: Welcome to the Qaulity Service Maintaince  Protocols  Team
[2026-03-04 09:59:45] SENT direct to fleetmanager@openlinks.co.za | subject: A Team Has Been created Small Field Service Team  |  Code 8 licence (B)
[2026-03-04 09:59:45] SENT direct to fleetmanager@openlinks.co.za | subject: Welcome to the Small Field Service Team  |  Code 8 licence (B) Team
[2026-03-04 09:59:45] SENT direct to driver1@openlinks.co.za | subject: Welcome to the Small Field Service Team  |  Code 8 licence (B) Team
[2026-03-04 10:02:51] SENT direct to fleetmanager@openlinks.co.za | subject: A Team Has Been created Staff Transport Team (12 plus ) Licence: Code 10 + PrDP
[2026-03-04 10:02:51] SENT direct to fleetmanager@openlinks.co.za | subject: Welcome to the Staff Transport Team (12 plus ) Licence: Code 10 + PrDP Team
[2026-03-04 10:02:51] SENT direct to x.kalani1@gmail.com | subject: Welcome to the Staff Transport Team (12 plus ) Licence: Code 10 + PrDP Team
[2026-03-04 10:02:51] SENT direct to driver2@openlinks.co.za | subject: Welcome to the Staff Transport Team (12 plus ) Licence: Code 10 + PrDP Team
[2026-03-04 18:12:46] SENT direct to sindile.vena@gmail.com | subject: You Have Been Assigned to Support a New Entity
[2026-03-04 18:12:46] SENT direct to fleetmanager@openlinks.co.za | subject: Resource Orbit  Member Assigned to Your Entity
[2026-03-04 10:23:59] SENT direct to sindile.vena@gmail.com | subject: Welcome to the Qaulity Service Maintaince  Protocols Team
[2026-03-04 10:23:59] SENT direct to fleetmanager@openlinks.co.za | subject: Team Update: Member(s) added to Qaulity Service Maintaince  Protocols
[2026-03-04 14:56:43] SENT direct to training@khulanathiglobal.co.za | subject: New Reminder Created: Release to production
[2026-03-04 14:56:43] SENT direct to policiesgovernedbehaviour@gmail.com | subject: New Reminder Created: Release to production
[2026-03-04 14:56:43] SENT direct to accounts@khulanathiglobal.co.za | subject: New Reminder Created: Release to production
[2026-03-04 14:56:43] SENT direct to sindile.vena@gmail.com | subject: New Reminder Created: Release to production
[2026-03-04 14:56:43] SENT direct to babsientsinde@gmail.com | subject: New Reminder Created: Release to production
[2026-03-04 23:56:19] SENT direct to nomthandazokalani@gmail.com | subject: A Job Has Been Created : Job ID 10681
[2026-03-04 23:56:19] SENT direct to ntsindevena@telkomsa.net | subject: A Job Has Been Created : Job ID 10681
[2026-03-04 23:56:19] SENT direct to natheer.segals@engenoil.com | subject: A Job Has Been Created : Job ID 10681
[2026-03-04 17:57:12] SENT direct to Nomthandazokalani@gmail.com | subject: You Have Been Assigned an Activity for Job ID 10681
[2026-03-04 17:57:12] SENT direct to natheer.segals@engenoil.com | subject: Resourcing Completed for Job ID 10681
[2026-03-04 17:57:12] SENT direct to ntsindevena@telkomsa.net | subject: Your Team Has Been Fully Assigned for Job ID 10681
[2026-03-04 16:02:15] SENT direct to ntsindevena@telkomsa.net | subject: DONE Request for Job ID 10681
[2026-03-04 16:02:15] SENT direct to Nomthandazokalani@gmail.com | subject: DONE Request Submitted for Job ID 10681
[2026-03-04 17:18:08] SENT direct to phillipsibanda12@yahoo.com | subject: New Reminder Created: Testing Reminder Yall Nothing to fear
[2026-03-04 17:18:08] SENT direct to phillipsibanda711@gmail.com | subject: New Reminder Created: Testing Reminder Yall Nothing to fear
[2026-03-04 17:18:08] SENT direct to phillipjone@gmail.com | subject: New Reminder Created: Testing Reminder Yall Nothing to fear
[2026-03-04 17:18:08] SENT direct to sindile.vena@gmail.com | subject: New Reminder Created: Testing Reminder Yall Nothing to fear
[2026-03-04 17:18:08] SENT direct to system@openlinks.co.za | subject: New Reminder Created: Testing Reminder Yall Nothing to fear
[2026-03-04 17:18:08] SENT direct to s220888914@mandela.ac.za | subject: New Reminder Created: Testing Reminder Yall Nothing to fear
[2026-03-05 04:00:03] SENT direct to phillipsibanda12@yahoo.com | subject: Reminder Trigger: Set Reminder - 2026-03-05
[2026-03-05 04:00:04] SENT direct to phillipjone@gmail.com | subject: Reminder Trigger: Set Reminder - 2026-03-05
[2026-03-05 04:00:04] SENT direct to sindile.vena@gmail.com | subject: Reminder Trigger: Set Reminder - 2026-03-05
[2026-03-05 04:00:04] SENT direct to system@openlinks.co.za | subject: Reminder Trigger: Set Reminder - 2026-03-05
[2026-03-05 04:00:04] SENT direct to s220888914@mandela.ac.za | subject: Reminder Trigger: Set Reminder - 2026-03-05
[2026-03-05 04:00:04] SENT direct to phillipsibanda711@gmail.com | subject: Reminder Trigger: Set Reminder - 2026-03-05
[2026-03-05 04:00:04] SENT direct to training@khulanathiglobal.co.za | subject: Reminder Trigger: Release to production - 2026-03-05
[2026-03-05 04:00:04] SENT direct to accounts@khulanathiglobal.co.za | subject: Reminder Trigger: Release to production - 2026-03-05
[2026-03-05 04:00:04] SENT direct to sindile.vena@gmail.com | subject: Reminder Trigger: Release to production - 2026-03-05
[2026-03-05 04:00:04] SENT direct to babsientsinde@gmail.com | subject: Reminder Trigger: Release to production - 2026-03-05
[2026-03-05 04:00:05] SENT direct to phillipsibanda12@yahoo.com | subject: Reminder Trigger: Testing Reminder Yall Nothing to fear - 2026-03-05
[2026-03-05 04:00:05] SENT direct to phillipjone@gmail.com | subject: Reminder Trigger: Testing Reminder Yall Nothing to fear - 2026-03-05
[2026-03-05 04:00:05] SENT direct to sindile.vena@gmail.com | subject: Reminder Trigger: Testing Reminder Yall Nothing to fear - 2026-03-05
[2026-03-05 04:00:05] SENT direct to system@openlinks.co.za | subject: Reminder Trigger: Testing Reminder Yall Nothing to fear - 2026-03-05
[2026-03-05 04:00:05] SENT direct to s220888914@mandela.ac.za | subject: Reminder Trigger: Testing Reminder Yall Nothing to fear - 2026-03-05
[2026-03-05 04:00:05] SENT direct to phillipsibanda711@gmail.com | subject: Reminder Trigger: Testing Reminder Yall Nothing to fear - 2026-03-05
[2026-03-05 05:30:03] SENT direct to phillipsibanda12@yahoo.com | subject: Reminder Trigger: Set Reminder - 2026-03-05
[2026-03-05 05:30:03] SENT direct to phillipjone@gmail.com | subject: Reminder Trigger: Set Reminder - 2026-03-05
[2026-03-05 05:30:04] SENT direct to sindile.vena@gmail.com | subject: Reminder Trigger: Set Reminder - 2026-03-05
[2026-03-05 05:30:04] SENT direct to system@openlinks.co.za | subject: Reminder Trigger: Set Reminder - 2026-03-05
[2026-03-05 05:30:04] SENT direct to s220888914@mandela.ac.za | subject: Reminder Trigger: Set Reminder - 2026-03-05
[2026-03-05 05:30:04] SENT direct to phillipsibanda711@gmail.com | subject: Reminder Trigger: Set Reminder - 2026-03-05
[2026-03-05 05:30:04] SENT direct to training@khulanathiglobal.co.za | subject: Reminder Trigger: Release to production - 2026-03-05
[2026-03-05 05:30:04] SENT direct to accounts@khulanathiglobal.co.za | subject: Reminder Trigger: Release to production - 2026-03-05
[2026-03-05 05:30:04] SENT direct to sindile.vena@gmail.com | subject: Reminder Trigger: Release to production - 2026-03-05
[2026-03-05 05:30:04] SENT direct to babsientsinde@gmail.com | subject: Reminder Trigger: Release to production - 2026-03-05
[2026-03-05 05:30:05] SENT direct to phillipsibanda12@yahoo.com | subject: Reminder Trigger: Testing Reminder Yall Nothing to fear - 2026-03-05
[2026-03-05 05:30:05] SENT direct to phillipjone@gmail.com | subject: Reminder Trigger: Testing Reminder Yall Nothing to fear - 2026-03-05
[2026-03-05 05:30:05] SENT direct to sindile.vena@gmail.com | subject: Reminder Trigger: Testing Reminder Yall Nothing to fear - 2026-03-05
[2026-03-05 05:30:05] SENT direct to system@openlinks.co.za | subject: Reminder Trigger: Testing Reminder Yall Nothing to fear - 2026-03-05
[2026-03-05 05:30:05] SENT direct to s220888914@mandela.ac.za | subject: Reminder Trigger: Testing Reminder Yall Nothing to fear - 2026-03-05
[2026-03-05 05:30:05] SENT direct to phillipsibanda711@gmail.com | subject: Reminder Trigger: Testing Reminder Yall Nothing to fear - 2026-03-05
[2026-03-05 10:00:05] SENT direct to phillipsibanda12@yahoo.com | subject: Reminder Trigger: Set Reminder - 2026-03-05
[2026-03-05 10:00:05] SENT direct to phillipjone@gmail.com | subject: Reminder Trigger: Set Reminder - 2026-03-05
[2026-03-05 10:00:05] SENT direct to sindile.vena@gmail.com | subject: Reminder Trigger: Set Reminder - 2026-03-05
[2026-03-05 10:00:06] SENT direct to system@openlinks.co.za | subject: Reminder Trigger: Set Reminder - 2026-03-05
[2026-03-05 10:00:06] SENT direct to s220888914@mandela.ac.za | subject: Reminder Trigger: Set Reminder - 2026-03-05
[2026-03-05 10:00:06] SENT direct to phillipsibanda711@gmail.com | subject: Reminder Trigger: Set Reminder - 2026-03-05
[2026-03-05 10:00:06] SENT direct to training@khulanathiglobal.co.za | subject: Reminder Trigger: Release to production - 2026-03-05
[2026-03-05 10:00:06] SENT direct to accounts@khulanathiglobal.co.za | subject: Reminder Trigger: Release to production - 2026-03-05
[2026-03-05 10:00:06] SENT direct to sindile.vena@gmail.com | subject: Reminder Trigger: Release to production - 2026-03-05
[2026-03-05 10:00:06] SENT direct to babsientsinde@gmail.com | subject: Reminder Trigger: Release to production - 2026-03-05
[2026-03-05 10:00:06] SENT direct to phillipsibanda12@yahoo.com | subject: Reminder Trigger: Testing Reminder Yall Nothing to fear - 2026-03-05
[2026-03-05 10:00:06] SENT direct to phillipjone@gmail.com | subject: Reminder Trigger: Testing Reminder Yall Nothing to fear - 2026-03-05
[2026-03-05 10:00:06] SENT direct to sindile.vena@gmail.com | subject: Reminder Trigger: Testing Reminder Yall Nothing to fear - 2026-03-05
[2026-03-05 10:00:07] SENT direct to system@openlinks.co.za | subject: Reminder Trigger: Testing Reminder Yall Nothing to fear - 2026-03-05
[2026-03-05 10:00:07] SENT direct to s220888914@mandela.ac.za | subject: Reminder Trigger: Testing Reminder Yall Nothing to fear - 2026-03-05
[2026-03-05 10:00:07] SENT direct to phillipsibanda711@gmail.com | subject: Reminder Trigger: Testing Reminder Yall Nothing to fear - 2026-03-05
[2026-03-05 13:00:05] SENT direct to phillipsibanda12@yahoo.com | subject: Reminder Trigger: Set Reminder - 2026-03-05
[2026-03-05 13:00:05] SENT direct to phillipjone@gmail.com | subject: Reminder Trigger: Set Reminder - 2026-03-05
[2026-03-05 13:00:05] SENT direct to sindile.vena@gmail.com | subject: Reminder Trigger: Set Reminder - 2026-03-05
[2026-03-05 13:00:05] SENT direct to system@openlinks.co.za | subject: Reminder Trigger: Set Reminder - 2026-03-05
[2026-03-05 13:00:05] SENT direct to s220888914@mandela.ac.za | subject: Reminder Trigger: Set Reminder - 2026-03-05
[2026-03-05 13:00:06] SENT direct to phillipsibanda711@gmail.com | subject: Reminder Trigger: Set Reminder - 2026-03-05
[2026-03-05 13:00:06] SENT direct to training@khulanathiglobal.co.za | subject: Reminder Trigger: Release to production - 2026-03-05
[2026-03-05 13:00:06] SENT direct to accounts@khulanathiglobal.co.za | subject: Reminder Trigger: Release to production - 2026-03-05
[2026-03-05 13:00:06] SENT direct to sindile.vena@gmail.com | subject: Reminder Trigger: Release to production - 2026-03-05
[2026-03-05 13:00:06] SENT direct to babsientsinde@gmail.com | subject: Reminder Trigger: Release to production - 2026-03-05
[2026-03-05 13:00:06] SENT direct to phillipsibanda12@yahoo.com | subject: Reminder Trigger: Testing Reminder Yall Nothing to fear - 2026-03-05
[2026-03-05 13:00:06] SENT direct to phillipjone@gmail.com | subject: Reminder Trigger: Testing Reminder Yall Nothing to fear - 2026-03-05
[2026-03-05 13:00:06] SENT direct to sindile.vena@gmail.com | subject: Reminder Trigger: Testing Reminder Yall Nothing to fear - 2026-03-05
[2026-03-05 13:00:06] SENT direct to system@openlinks.co.za | subject: Reminder Trigger: Testing Reminder Yall Nothing to fear - 2026-03-05
[2026-03-05 13:00:06] SENT direct to s220888914@mandela.ac.za | subject: Reminder Trigger: Testing Reminder Yall Nothing to fear - 2026-03-05
[2026-03-05 13:00:06] SENT direct to phillipsibanda711@gmail.com | subject: Reminder Trigger: Testing Reminder Yall Nothing to fear - 2026-03-05
[2026-03-05 12:31:13] SENT direct to fleetmanager@openlinks.co.za | subject: New Reminder Created: Meeting with teams needing  for Upcoming weeking
[2026-03-05 12:31:13] SENT direct to sindileassignedvehicle@openlinks.co.za | subject: New Reminder Created: Meeting with teams needing  for Upcoming weeking
[2026-03-05 12:31:13] SENT direct to fleetrep@openlinks.co.za | subject: New Reminder Created: Meeting with teams needing  for Upcoming weeking
[2026-03-05 12:31:13] SENT direct to sindile.vena@gmail.com | subject: New Reminder Created: Meeting with teams needing  for Upcoming weeking
[2026-03-05 12:31:13] SENT direct to driver1@openlinks.co.za | subject: New Reminder Created: Meeting with teams needing  for Upcoming weeking
[2026-03-05 12:31:13] SENT direct to x.kalani1@gmail.com | subject: New Reminder Created: Meeting with teams needing  for Upcoming weeking
[2026-03-05 12:31:13] SENT direct to driver2@openlinks.co.za | subject: New Reminder Created: Meeting with teams needing  for Upcoming weeking
[2026-03-05 15:00:05] SENT direct to phillipsibanda12@yahoo.com | subject: Reminder Trigger: Set Reminder - 2026-03-05
[2026-03-05 15:00:05] SENT direct to phillipjone@gmail.com | subject: Reminder Trigger: Set Reminder - 2026-03-05
[2026-03-05 15:00:05] SENT direct to sindile.vena@gmail.com | subject: Reminder Trigger: Set Reminder - 2026-03-05
[2026-03-05 15:00:05] SENT direct to system@openlinks.co.za | subject: Reminder Trigger: Set Reminder - 2026-03-05
[2026-03-05 15:00:05] SENT direct to s220888914@mandela.ac.za | subject: Reminder Trigger: Set Reminder - 2026-03-05
[2026-03-05 15:00:05] SENT direct to phillipsibanda711@gmail.com | subject: Reminder Trigger: Set Reminder - 2026-03-05
[2026-03-05 15:00:05] SENT direct to training@khulanathiglobal.co.za | subject: Reminder Trigger: Release to production - 2026-03-05
[2026-03-05 15:00:05] SENT direct to accounts@khulanathiglobal.co.za | subject: Reminder Trigger: Release to production - 2026-03-05
[2026-03-05 15:00:05] SENT direct to sindile.vena@gmail.com | subject: Reminder Trigger: Release to production - 2026-03-05
[2026-03-05 15:00:05] SENT direct to babsientsinde@gmail.com | subject: Reminder Trigger: Release to production - 2026-03-05
[2026-03-05 15:00:05] SENT direct to phillipsibanda12@yahoo.com | subject: Reminder Trigger: Testing Reminder Yall Nothing to fear - 2026-03-05
[2026-03-05 15:00:05] SENT direct to phillipjone@gmail.com | subject: Reminder Trigger: Testing Reminder Yall Nothing to fear - 2026-03-05
[2026-03-05 15:00:06] SENT direct to sindile.vena@gmail.com | subject: Reminder Trigger: Testing Reminder Yall Nothing to fear - 2026-03-05
[2026-03-05 15:00:06] SENT direct to system@openlinks.co.za | subject: Reminder Trigger: Testing Reminder Yall Nothing to fear - 2026-03-05
[2026-03-05 15:00:06] SENT direct to s220888914@mandela.ac.za | subject: Reminder Trigger: Testing Reminder Yall Nothing to fear - 2026-03-05
[2026-03-05 15:00:06] SENT direct to phillipsibanda711@gmail.com | subject: Reminder Trigger: Testing Reminder Yall Nothing to fear - 2026-03-05
[2026-03-05 15:00:06] SENT direct to fleetmanager@openlinks.co.za | subject: Reminder Trigger: Meeting with teams needing  for Upcoming weeking - 2026-03-05
[2026-03-05 15:00:06] SENT direct to fleetrep@openlinks.co.za | subject: Reminder Trigger: Meeting with teams needing  for Upcoming weeking - 2026-03-05
[2026-03-05 15:00:06] SENT direct to sindile.vena@gmail.com | subject: Reminder Trigger: Meeting with teams needing  for Upcoming weeking - 2026-03-05
[2026-03-05 15:00:07] SENT direct to driver1@openlinks.co.za | subject: Reminder Trigger: Meeting with teams needing  for Upcoming weeking - 2026-03-05
[2026-03-05 15:00:07] SENT direct to x.kalani1@gmail.com | subject: Reminder Trigger: Meeting with teams needing  for Upcoming weeking - 2026-03-05
[2026-03-05 15:00:07] SENT direct to driver2@openlinks.co.za | subject: Reminder Trigger: Meeting with teams needing  for Upcoming weeking - 2026-03-05
[2026-03-05 22:55:18] SENT direct to nomthandazokalani@gmail.com | subject: A Job Has Been Created : Job ID 10682
[2026-03-05 22:55:18] SENT direct to ntsindevena@telkomsa.net | subject: A Job Has Been Created : Job ID 10682
[2026-03-05 22:55:18] SENT direct to natheer.segals@engenoil.com | subject: A Job Has Been Created : Job ID 10682
[2026-03-05 16:56:17] SENT direct to Nomthandazokalani@gmail.com | subject: You Have Been Assigned an Activity for Job ID 10682
[2026-03-05 16:56:17] SENT direct to natheer.segals@engenoil.com | subject: Resourcing Completed for Job ID 10682
[2026-03-05 16:56:17] SENT direct to ntsindevena@telkomsa.net | subject: Your Team Has Been Fully Assigned for Job ID 10682
[2026-03-05 15:36:50] SENT direct to ntsindevena@telkomsa.net | subject: DONE Request for Job ID 10682
[2026-03-05 15:36:50] SENT direct to Nomthandazokalani@gmail.com | subject: DONE Request Submitted for Job ID 10682
[2026-03-06 04:00:04] SENT direct to phillipsibanda12@yahoo.com | subject: Reminder Trigger: Set Reminder - 2026-03-06
[2026-03-06 04:00:04] SENT direct to phillipjone@gmail.com | subject: Reminder Trigger: Set Reminder - 2026-03-06
[2026-03-06 04:00:04] SENT direct to sindile.vena@gmail.com | subject: Reminder Trigger: Set Reminder - 2026-03-06
[2026-03-06 04:00:04] SENT direct to system@openlinks.co.za | subject: Reminder Trigger: Set Reminder - 2026-03-06
[2026-03-06 04:00:04] SENT direct to s220888914@mandela.ac.za | subject: Reminder Trigger: Set Reminder - 2026-03-06
[2026-03-06 04:00:04] SENT direct to phillipsibanda711@gmail.com | subject: Reminder Trigger: Set Reminder - 2026-03-06
[2026-03-06 04:00:04] SENT direct to phillipsibanda12@yahoo.com | subject: Reminder Trigger: Testing Reminder Yall Nothing to fear - 2026-03-06
[2026-03-06 04:00:04] SENT direct to phillipjone@gmail.com | subject: Reminder Trigger: Testing Reminder Yall Nothing to fear - 2026-03-06
[2026-03-06 04:00:04] SENT direct to sindile.vena@gmail.com | subject: Reminder Trigger: Testing Reminder Yall Nothing to fear - 2026-03-06
[2026-03-06 04:00:04] SENT direct to system@openlinks.co.za | subject: Reminder Trigger: Testing Reminder Yall Nothing to fear - 2026-03-06
[2026-03-06 04:00:04] SENT direct to s220888914@mandela.ac.za | subject: Reminder Trigger: Testing Reminder Yall Nothing to fear - 2026-03-06
[2026-03-06 04:00:04] SENT direct to phillipsibanda711@gmail.com | subject: Reminder Trigger: Testing Reminder Yall Nothing to fear - 2026-03-06
[2026-03-06 05:30:03] SENT direct to phillipsibanda12@yahoo.com | subject: Reminder Trigger: Set Reminder - 2026-03-06
[2026-03-06 05:30:03] SENT direct to phillipjone@gmail.com | subject: Reminder Trigger: Set Reminder - 2026-03-06
[2026-03-06 05:30:03] SENT direct to sindile.vena@gmail.com | subject: Reminder Trigger: Set Reminder - 2026-03-06
[2026-03-06 05:30:03] SENT direct to system@openlinks.co.za | subject: Reminder Trigger: Set Reminder - 2026-03-06
[2026-03-06 05:30:04] SENT direct to s220888914@mandela.ac.za | subject: Reminder Trigger: Set Reminder - 2026-03-06
[2026-03-06 05:30:04] SENT direct to phillipsibanda711@gmail.com | subject: Reminder Trigger: Set Reminder - 2026-03-06
[2026-03-06 05:30:04] SENT direct to phillipsibanda12@yahoo.com | subject: Reminder Trigger: Testing Reminder Yall Nothing to fear - 2026-03-06
[2026-03-06 05:30:04] SENT direct to phillipjone@gmail.com | subject: Reminder Trigger: Testing Reminder Yall Nothing to fear - 2026-03-06
[2026-03-06 05:30:04] SENT direct to sindile.vena@gmail.com | subject: Reminder Trigger: Testing Reminder Yall Nothing to fear - 2026-03-06
[2026-03-06 05:30:04] SENT direct to system@openlinks.co.za | subject: Reminder Trigger: Testing Reminder Yall Nothing to fear - 2026-03-06
[2026-03-06 05:30:04] SENT direct to s220888914@mandela.ac.za | subject: Reminder Trigger: Testing Reminder Yall Nothing to fear - 2026-03-06
[2026-03-06 05:30:04] SENT direct to phillipsibanda711@gmail.com | subject: Reminder Trigger: Testing Reminder Yall Nothing to fear - 2026-03-06
[2026-03-06 10:00:03] SENT direct to phillipsibanda12@yahoo.com | subject: Reminder Trigger: Set Reminder - 2026-03-06
[2026-03-06 10:00:03] SENT direct to phillipjone@gmail.com | subject: Reminder Trigger: Set Reminder - 2026-03-06
[2026-03-06 10:00:03] SENT direct to sindile.vena@gmail.com | subject: Reminder Trigger: Set Reminder - 2026-03-06
[2026-03-06 10:00:03] SENT direct to system@openlinks.co.za | subject: Reminder Trigger: Set Reminder - 2026-03-06
[2026-03-06 10:00:04] SENT direct to s220888914@mandela.ac.za | subject: Reminder Trigger: Set Reminder - 2026-03-06
[2026-03-06 10:00:04] SENT direct to phillipsibanda711@gmail.com | subject: Reminder Trigger: Set Reminder - 2026-03-06
[2026-03-06 10:00:04] SENT direct to phillipsibanda12@yahoo.com | subject: Reminder Trigger: Testing Reminder Yall Nothing to fear - 2026-03-06
[2026-03-06 10:00:04] SENT direct to phillipjone@gmail.com | subject: Reminder Trigger: Testing Reminder Yall Nothing to fear - 2026-03-06
[2026-03-06 10:00:04] SENT direct to sindile.vena@gmail.com | subject: Reminder Trigger: Testing Reminder Yall Nothing to fear - 2026-03-06
[2026-03-06 10:00:04] SENT direct to system@openlinks.co.za | subject: Reminder Trigger: Testing Reminder Yall Nothing to fear - 2026-03-06
[2026-03-06 10:00:04] SENT direct to s220888914@mandela.ac.za | subject: Reminder Trigger: Testing Reminder Yall Nothing to fear - 2026-03-06
[2026-03-06 10:00:04] SENT direct to phillipsibanda711@gmail.com | subject: Reminder Trigger: Testing Reminder Yall Nothing to fear - 2026-03-06
[2026-03-06 13:00:04] SENT direct to phillipsibanda12@yahoo.com | subject: Reminder Trigger: Set Reminder - 2026-03-06
[2026-03-06 13:00:04] SENT direct to phillipjone@gmail.com | subject: Reminder Trigger: Set Reminder - 2026-03-06
[2026-03-06 13:00:04] SENT direct to sindile.vena@gmail.com | subject: Reminder Trigger: Set Reminder - 2026-03-06
[2026-03-06 13:00:05] SENT direct to system@openlinks.co.za | subject: Reminder Trigger: Set Reminder - 2026-03-06
[2026-03-06 13:00:05] SENT direct to s220888914@mandela.ac.za | subject: Reminder Trigger: Set Reminder - 2026-03-06
[2026-03-06 13:00:05] SENT direct to phillipsibanda711@gmail.com | subject: Reminder Trigger: Set Reminder - 2026-03-06
[2026-03-06 13:00:05] SENT direct to phillipsibanda12@yahoo.com | subject: Reminder Trigger: Testing Reminder Yall Nothing to fear - 2026-03-06
[2026-03-06 13:00:05] SENT direct to phillipjone@gmail.com | subject: Reminder Trigger: Testing Reminder Yall Nothing to fear - 2026-03-06
[2026-03-06 13:00:05] SENT direct to sindile.vena@gmail.com | subject: Reminder Trigger: Testing Reminder Yall Nothing to fear - 2026-03-06
[2026-03-06 13:00:05] SENT direct to system@openlinks.co.za | subject: Reminder Trigger: Testing Reminder Yall Nothing to fear - 2026-03-06
[2026-03-06 13:00:05] SENT direct to s220888914@mandela.ac.za | subject: Reminder Trigger: Testing Reminder Yall Nothing to fear - 2026-03-06
[2026-03-06 13:00:05] SENT direct to phillipsibanda711@gmail.com | subject: Reminder Trigger: Testing Reminder Yall Nothing to fear - 2026-03-06
[2026-03-06 15:00:04] SENT direct to phillipsibanda12@yahoo.com | subject: Reminder Trigger: Set Reminder - 2026-03-06
[2026-03-06 15:00:04] SENT direct to phillipjone@gmail.com | subject: Reminder Trigger: Set Reminder - 2026-03-06
[2026-03-06 15:00:04] SENT direct to sindile.vena@gmail.com | subject: Reminder Trigger: Set Reminder - 2026-03-06
[2026-03-06 15:00:04] SENT direct to system@openlinks.co.za | subject: Reminder Trigger: Set Reminder - 2026-03-06
[2026-03-06 15:00:04] SENT direct to s220888914@mandela.ac.za | subject: Reminder Trigger: Set Reminder - 2026-03-06
[2026-03-06 15:00:04] SENT direct to phillipsibanda711@gmail.com | subject: Reminder Trigger: Set Reminder - 2026-03-06
[2026-03-06 15:00:05] SENT direct to phillipsibanda12@yahoo.com | subject: Reminder Trigger: Testing Reminder Yall Nothing to fear - 2026-03-06
[2026-03-06 15:00:05] SENT direct to phillipjone@gmail.com | subject: Reminder Trigger: Testing Reminder Yall Nothing to fear - 2026-03-06
[2026-03-06 15:00:05] SENT direct to sindile.vena@gmail.com | subject: Reminder Trigger: Testing Reminder Yall Nothing to fear - 2026-03-06
[2026-03-06 15:00:05] SENT direct to system@openlinks.co.za | subject: Reminder Trigger: Testing Reminder Yall Nothing to fear - 2026-03-06
[2026-03-06 15:00:05] SENT direct to s220888914@mandela.ac.za | subject: Reminder Trigger: Testing Reminder Yall Nothing to fear - 2026-03-06
[2026-03-06 15:00:05] SENT direct to phillipsibanda711@gmail.com | subject: Reminder Trigger: Testing Reminder Yall Nothing to fear - 2026-03-06
[2026-03-06 13:01:06] SENT direct to fleetmanager@openlinks.co.za | subject: New Reminder Created: Weekly: Set Up Shortcut for Fuel & Vehicle Expense Slips
[2026-03-06 13:01:06] SENT direct to fuelmanager@openlinks.co.za | subject: New Reminder Created: Weekly: Set Up Shortcut for Fuel & Vehicle Expense Slips
[2026-03-06 13:01:06] SENT direct to x.kalani1@gmail.com | subject: New Reminder Created: Weekly: Set Up Shortcut for Fuel & Vehicle Expense Slips
[2026-03-06 13:01:06] SENT direct to sindile.vena@gmail.com | subject: New Reminder Created: Weekly: Set Up Shortcut for Fuel & Vehicle Expense Slips
[2026-03-06 13:01:06] SENT direct to driver1@openlinks.co.za | subject: New Reminder Created: Weekly: Set Up Shortcut for Fuel & Vehicle Expense Slips
[2026-03-06 13:01:06] SENT direct to driver2@openlinks.co.za | subject: New Reminder Created: Weekly: Set Up Shortcut for Fuel & Vehicle Expense Slips
[2026-03-06 13:32:27] SENT direct to ntsindevena@telkomsa.net | subject: Activity SIGNED OFF for Job ID 10678
[2026-03-06 13:32:27] SENT direct to Nomthandazokalani@gmail.com | subject: Your Activity Has Been SIGNED OFF for Job ID 10678
[2026-03-06 13:33:03] SENT direct to ntsindevena@telkomsa.net | subject: Activity SIGNED OFF for Job ID 10679
[2026-03-06 13:33:03] SENT direct to Nomthandazokalani@gmail.com | subject: Your Activity Has Been SIGNED OFF for Job ID 10679
[2026-03-06 13:34:19] SENT direct to ntsindevena@telkomsa.net | subject: Activity SIGNED OFF for Job ID 10681
[2026-03-06 13:34:19] SENT direct to Nomthandazokalani@gmail.com | subject: Your Activity Has Been SIGNED OFF for Job ID 10681
[2026-03-06 21:34:42] SENT direct to natheer.segals@engenoil.com | subject: Job Completion Summary: Farewell(the  welcome and safe pillar)
[2026-03-06 21:34:42] SENT direct to sdf@khulanathiglobal.co.za | subject: Job Completion Summary: Farewell(the  welcome and safe pillar)
[2026-03-06 21:34:42] SENT direct to ntsindevena@telkomsa.net | subject: Job Completion Summary: Farewell(the  welcome and safe pillar)
[2026-03-06 13:35:07] SENT direct to ntsindevena@telkomsa.net | subject: Activity SIGNED OFF for Job ID 10682
[2026-03-06 13:35:07] SENT direct to Nomthandazokalani@gmail.com | subject: Your Activity Has Been SIGNED OFF for Job ID 10682
[2026-03-06 21:35:33] SENT direct to natheer.segals@engenoil.com | subject: Job Completion Summary: welcome(the welcome and safe pillar)
[2026-03-06 21:35:33] SENT direct to sdf@khulanathiglobal.co.za | subject: Job Completion Summary: welcome(the welcome and safe pillar)
[2026-03-06 21:35:33] SENT direct to ntsindevena@telkomsa.net | subject: Job Completion Summary: welcome(the welcome and safe pillar)
[2026-03-06 21:35:46] SENT direct to natheer.segals@engenoil.com | subject: Job Completion Summary: During Service(Safety And Efficiency)
[2026-03-06 21:35:46] SENT direct to sdf@khulanathiglobal.co.za | subject: Job Completion Summary: During Service(Safety And Efficiency)
[2026-03-06 21:35:46] SENT direct to ntsindevena@telkomsa.net | subject: Job Completion Summary: During Service(Safety And Efficiency)
[2026-03-06 21:36:04] SENT direct to natheer.segals@engenoil.com | subject: Job Completion Summary: Payment& Loyalty(the Leaders in Convenience pillar
[2026-03-06 21:36:04] SENT direct to sdf@khulanathiglobal.co.za | subject: Job Completion Summary: Payment& Loyalty(the Leaders in Convenience pillar
[2026-03-06 21:36:04] SENT direct to ntsindevena@telkomsa.net | subject: Job Completion Summary: Payment& Loyalty(the Leaders in Convenience pillar
[2026-03-06 22:04:22] SENT direct to nomthandazokalani@gmail.com | subject: A Job Has Been Created : Job ID 10683
[2026-03-06 22:04:22] SENT direct to ntsindevena@telkomsa.net | subject: A Job Has Been Created : Job ID 10683
[2026-03-06 22:04:22] SENT direct to sdf@khulanathiglobal.co.za | subject: A Job Has Been Created : Job ID 10683
[2026-03-06 22:04:22] SENT direct to natheer.segals@engenoil.com | subject: A Job Has Been Created : Job ID 10683
[2026-03-06 16:04:54] SENT direct to Nomthandazokalani@gmail.com | subject: You Have Been Assigned an Activity for Job ID 10683
[2026-03-06 16:04:54] SENT direct to natheer.segals@engenoil.com | subject: Resourcing Completed for Job ID 10683
[2026-03-06 16:04:54] SENT direct to sdf@khulanathiglobal.co.za | subject: Resourcing Completed for Job ID 10683
[2026-03-06 16:04:54] SENT direct to ntsindevena@telkomsa.net | subject: Your Team Has Been Fully Assigned for Job ID 10683
[2026-03-06 14:47:01] SENT direct to ntsindevena@telkomsa.net | subject: DONE Request for Job ID 10683
[2026-03-06 14:47:01] SENT direct to Nomthandazokalani@gmail.com | subject: DONE Request Submitted for Job ID 10683
[2026-03-07 04:00:03] SENT direct to phillipsibanda12@yahoo.com | subject: Reminder Trigger: Testing Reminder Yall Nothing to fear - 2026-03-07
[2026-03-07 04:00:03] SENT direct to phillipjone@gmail.com | subject: Reminder Trigger: Testing Reminder Yall Nothing to fear - 2026-03-07
[2026-03-07 04:00:03] SENT direct to sindile.vena@gmail.com | subject: Reminder Trigger: Testing Reminder Yall Nothing to fear - 2026-03-07
[2026-03-07 04:00:04] SENT direct to system@openlinks.co.za | subject: Reminder Trigger: Testing Reminder Yall Nothing to fear - 2026-03-07
[2026-03-07 04:00:04] SENT direct to s220888914@mandela.ac.za | subject: Reminder Trigger: Testing Reminder Yall Nothing to fear - 2026-03-07
[2026-03-07 04:00:04] SENT direct to phillipsibanda711@gmail.com | subject: Reminder Trigger: Testing Reminder Yall Nothing to fear - 2026-03-07
[2026-03-07 05:30:03] SENT direct to phillipsibanda12@yahoo.com | subject: Reminder Trigger: Testing Reminder Yall Nothing to fear - 2026-03-07
[2026-03-07 05:30:03] SENT direct to phillipjone@gmail.com | subject: Reminder Trigger: Testing Reminder Yall Nothing to fear - 2026-03-07
[2026-03-07 05:30:03] SENT direct to sindile.vena@gmail.com | subject: Reminder Trigger: Testing Reminder Yall Nothing to fear - 2026-03-07
[2026-03-07 05:30:03] SENT direct to system@openlinks.co.za | subject: Reminder Trigger: Testing Reminder Yall Nothing to fear - 2026-03-07
[2026-03-07 05:30:03] SENT direct to s220888914@mandela.ac.za | subject: Reminder Trigger: Testing Reminder Yall Nothing to fear - 2026-03-07
[2026-03-07 05:30:03] SENT direct to phillipsibanda711@gmail.com | subject: Reminder Trigger: Testing Reminder Yall Nothing to fear - 2026-03-07
[2026-03-07 10:00:03] SENT direct to phillipsibanda12@yahoo.com | subject: Reminder Trigger: Testing Reminder Yall Nothing to fear - 2026-03-07
[2026-03-07 10:00:03] SENT direct to phillipjone@gmail.com | subject: Reminder Trigger: Testing Reminder Yall Nothing to fear - 2026-03-07
[2026-03-07 10:00:03] SENT direct to sindile.vena@gmail.com | subject: Reminder Trigger: Testing Reminder Yall Nothing to fear - 2026-03-07
[2026-03-07 10:00:03] SENT direct to system@openlinks.co.za | subject: Reminder Trigger: Testing Reminder Yall Nothing to fear - 2026-03-07
[2026-03-07 10:00:03] SENT direct to s220888914@mandela.ac.za | subject: Reminder Trigger: Testing Reminder Yall Nothing to fear - 2026-03-07
[2026-03-07 10:00:03] SENT direct to phillipsibanda711@gmail.com | subject: Reminder Trigger: Testing Reminder Yall Nothing to fear - 2026-03-07
[2026-03-07 13:00:03] SENT direct to phillipsibanda12@yahoo.com | subject: Reminder Trigger: Testing Reminder Yall Nothing to fear - 2026-03-07
[2026-03-07 13:00:03] SENT direct to phillipjone@gmail.com | subject: Reminder Trigger: Testing Reminder Yall Nothing to fear - 2026-03-07
[2026-03-07 13:00:03] SENT direct to sindile.vena@gmail.com | subject: Reminder Trigger: Testing Reminder Yall Nothing to fear - 2026-03-07
[2026-03-07 13:00:03] SENT direct to system@openlinks.co.za | subject: Reminder Trigger: Testing Reminder Yall Nothing to fear - 2026-03-07
[2026-03-07 13:00:03] SENT direct to s220888914@mandela.ac.za | subject: Reminder Trigger: Testing Reminder Yall Nothing to fear - 2026-03-07
[2026-03-07 13:00:03] SENT direct to phillipsibanda711@gmail.com | subject: Reminder Trigger: Testing Reminder Yall Nothing to fear - 2026-03-07
[2026-03-09 04:00:04] SENT direct to fleetmanager@openlinks.co.za | subject: Reminder Trigger: Weekly: Set Up Shortcut for Fuel & Vehicle Expense Slips - 2026-03-09
[2026-03-09 04:00:04] SENT direct to x.kalani1@gmail.com | subject: Reminder Trigger: Weekly: Set Up Shortcut for Fuel & Vehicle Expense Slips - 2026-03-09
[2026-03-09 04:00:04] SENT direct to sindile.vena@gmail.com | subject: Reminder Trigger: Weekly: Set Up Shortcut for Fuel & Vehicle Expense Slips - 2026-03-09
[2026-03-09 04:00:04] SENT direct to driver1@openlinks.co.za | subject: Reminder Trigger: Weekly: Set Up Shortcut for Fuel & Vehicle Expense Slips - 2026-03-09
[2026-03-09 04:00:04] SENT direct to driver2@openlinks.co.za | subject: Reminder Trigger: Weekly: Set Up Shortcut for Fuel & Vehicle Expense Slips - 2026-03-09
[2026-03-09 05:30:03] SENT direct to fleetmanager@openlinks.co.za | subject: Reminder Trigger: Weekly: Set Up Shortcut for Fuel & Vehicle Expense Slips - 2026-03-09
[2026-03-09 05:30:03] SENT direct to x.kalani1@gmail.com | subject: Reminder Trigger: Weekly: Set Up Shortcut for Fuel & Vehicle Expense Slips - 2026-03-09
[2026-03-09 05:30:03] SENT direct to sindile.vena@gmail.com | subject: Reminder Trigger: Weekly: Set Up Shortcut for Fuel & Vehicle Expense Slips - 2026-03-09
[2026-03-09 05:30:03] SENT direct to driver1@openlinks.co.za | subject: Reminder Trigger: Weekly: Set Up Shortcut for Fuel & Vehicle Expense Slips - 2026-03-09
[2026-03-09 05:30:03] SENT direct to driver2@openlinks.co.za | subject: Reminder Trigger: Weekly: Set Up Shortcut for Fuel & Vehicle Expense Slips - 2026-03-09
[2026-03-09 05:05:20] SENT direct to sindile.vena@gmail.com | subject: Team Qaulity Service Maintaince  Protocols Assigned working Weeks
[2026-03-09 05:05:20] SENT direct to fleetmanager@openlinks.co.za | subject: Team Qaulity Service Maintaince  Protocols Assigned working Weeks
[2026-03-09 05:05:20] SENT direct to driver1@openlinks.co.za | subject: Team Qaulity Service Maintaince  Protocols Assigned working Weeks
[2026-03-09 05:05:20] SENT direct to x.kalani1@gmail.com | subject: Team Qaulity Service Maintaince  Protocols Assigned working Weeks
[2026-03-09 05:05:20] SENT direct to driver2@openlinks.co.za | subject: Team Qaulity Service Maintaince  Protocols Assigned working Weeks
[2026-03-09 05:05:20] SENT direct to fleetmanager@openlinks.co.za | subject: Team Scheduled: Qaulity Service Maintaince  Protocols
[2026-03-09 13:16:50] SENT direct to driver2@openlinks.co.za | subject: A Job Has Been Created : Job ID 10684
[2026-03-09 13:16:50] SENT direct to fleetmanager@openlinks.co.za | subject: A Job Has Been Created : Job ID 10684
[2026-03-09 13:16:50] SENT direct to driver1@openlinks.co.za | subject: A Job Has Been Created : Job ID 10684
[2026-03-09 13:16:50] SENT direct to x.kalani1@gmail.com | subject: A Job Has Been Created : Job ID 10684
[2026-03-09 13:16:50] SENT direct to sindile.vena@gmail.com | subject: A Job Has Been Created : Job ID 10684
[2026-03-09 13:16:50] SENT direct to fuelmanager@openlinks.co.za | subject: A Job Has Been Created : Job ID 10684
[2026-03-09 07:18:23] SENT direct to sindile.vena@gmail.com | subject: You Have Been Assigned an Activity for Job ID 10684
[2026-03-09 10:00:03] SENT direct to fleetmanager@openlinks.co.za | subject: Reminder Trigger: Weekly: Set Up Shortcut for Fuel & Vehicle Expense Slips - 2026-03-09
[2026-03-09 10:00:03] SENT direct to x.kalani1@gmail.com | subject: Reminder Trigger: Weekly: Set Up Shortcut for Fuel & Vehicle Expense Slips - 2026-03-09
[2026-03-09 10:00:03] SENT direct to sindile.vena@gmail.com | subject: Reminder Trigger: Weekly: Set Up Shortcut for Fuel & Vehicle Expense Slips - 2026-03-09
[2026-03-09 10:00:03] SENT direct to driver1@openlinks.co.za | subject: Reminder Trigger: Weekly: Set Up Shortcut for Fuel & Vehicle Expense Slips - 2026-03-09
[2026-03-09 10:00:04] SENT direct to driver2@openlinks.co.za | subject: Reminder Trigger: Weekly: Set Up Shortcut for Fuel & Vehicle Expense Slips - 2026-03-09
[2026-03-09 13:00:04] SENT direct to fleetmanager@openlinks.co.za | subject: Reminder Trigger: Weekly: Set Up Shortcut for Fuel & Vehicle Expense Slips - 2026-03-09
[2026-03-09 13:00:04] SENT direct to x.kalani1@gmail.com | subject: Reminder Trigger: Weekly: Set Up Shortcut for Fuel & Vehicle Expense Slips - 2026-03-09
[2026-03-09 13:00:05] SENT direct to sindile.vena@gmail.com | subject: Reminder Trigger: Weekly: Set Up Shortcut for Fuel & Vehicle Expense Slips - 2026-03-09
[2026-03-09 13:00:05] SENT direct to driver1@openlinks.co.za | subject: Reminder Trigger: Weekly: Set Up Shortcut for Fuel & Vehicle Expense Slips - 2026-03-09
[2026-03-09 13:00:05] SENT direct to driver2@openlinks.co.za | subject: Reminder Trigger: Weekly: Set Up Shortcut for Fuel & Vehicle Expense Slips - 2026-03-09
[2026-03-09 15:00:06] SENT direct to fleetmanager@openlinks.co.za | subject: Reminder Trigger: Weekly: Set Up Shortcut for Fuel & Vehicle Expense Slips - 2026-03-09
[2026-03-09 15:00:07] SENT direct to x.kalani1@gmail.com | subject: Reminder Trigger: Weekly: Set Up Shortcut for Fuel & Vehicle Expense Slips - 2026-03-09
[2026-03-09 15:00:07] SENT direct to sindile.vena@gmail.com | subject: Reminder Trigger: Weekly: Set Up Shortcut for Fuel & Vehicle Expense Slips - 2026-03-09
[2026-03-09 15:00:07] SENT direct to driver1@openlinks.co.za | subject: Reminder Trigger: Weekly: Set Up Shortcut for Fuel & Vehicle Expense Slips - 2026-03-09
[2026-03-09 15:00:08] SENT direct to driver2@openlinks.co.za | subject: Reminder Trigger: Weekly: Set Up Shortcut for Fuel & Vehicle Expense Slips - 2026-03-09
[2026-03-09 23:18:06] SENT direct to nomthandazokalani@gmail.com | subject: A Job Has Been Created : Job ID 10685
[2026-03-09 23:18:06] SENT direct to ntsindevena@telkomsa.net | subject: A Job Has Been Created : Job ID 10685
[2026-03-09 23:18:06] SENT direct to sdf@khulanathiglobal.co.za | subject: A Job Has Been Created : Job ID 10685
[2026-03-09 23:18:06] SENT direct to natheer.segals@engenoil.com | subject: A Job Has Been Created : Job ID 10685
[2026-03-09 17:28:51] SENT direct to Nomthandazokalani@gmail.com | subject: You Have Been Assigned an Activity for Job ID 10685
[2026-03-09 17:28:51] SENT direct to natheer.segals@engenoil.com | subject: Resourcing Completed for Job ID 10685
[2026-03-09 17:28:51] SENT direct to sdf@khulanathiglobal.co.za | subject: Resourcing Completed for Job ID 10685
[2026-03-09 17:28:51] SENT direct to ntsindevena@telkomsa.net | subject: Your Team Has Been Fully Assigned for Job ID 10685
[2026-03-09 15:44:21] SENT direct to ntsindevena@telkomsa.net | subject: DONE Request for Job ID 10685
[2026-03-09 15:44:21] SENT direct to Nomthandazokalani@gmail.com | subject: DONE Request Submitted for Job ID 10685
[2026-03-10 04:00:05] SENT direct to training@khulanathiglobal.co.za | subject: Reminder Trigger: Release to production - 2026-03-10
[2026-03-10 04:00:05] SENT direct to accounts@khulanathiglobal.co.za | subject: Reminder Trigger: Release to production - 2026-03-10
[2026-03-10 04:00:05] SENT direct to sindile.vena@gmail.com | subject: Reminder Trigger: Release to production - 2026-03-10
[2026-03-10 04:00:05] SENT direct to babsientsinde@gmail.com | subject: Reminder Trigger: Release to production - 2026-03-10
[2026-03-10 04:00:05] SENT direct to fleetmanager@openlinks.co.za | subject: Reminder Trigger: Meeting with teams needing  for Upcoming weeking - 2026-03-10
[2026-03-10 04:00:05] SENT direct to fleetrep@openlinks.co.za | subject: Reminder Trigger: Meeting with teams needing  for Upcoming weeking - 2026-03-10
[2026-03-10 04:00:05] SENT direct to sindile.vena@gmail.com | subject: Reminder Trigger: Meeting with teams needing  for Upcoming weeking - 2026-03-10
[2026-03-10 04:00:06] SENT direct to driver1@openlinks.co.za | subject: Reminder Trigger: Meeting with teams needing  for Upcoming weeking - 2026-03-10
[2026-03-10 04:00:06] SENT direct to x.kalani1@gmail.com | subject: Reminder Trigger: Meeting with teams needing  for Upcoming weeking - 2026-03-10
[2026-03-10 04:00:06] SENT direct to driver2@openlinks.co.za | subject: Reminder Trigger: Meeting with teams needing  for Upcoming weeking - 2026-03-10
[2026-03-10 05:30:04] SENT direct to training@khulanathiglobal.co.za | subject: Reminder Trigger: Release to production - 2026-03-10
[2026-03-10 05:30:04] SENT direct to accounts@khulanathiglobal.co.za | subject: Reminder Trigger: Release to production - 2026-03-10
[2026-03-10 05:30:04] SENT direct to sindile.vena@gmail.com | subject: Reminder Trigger: Release to production - 2026-03-10
[2026-03-10 05:30:04] SENT direct to babsientsinde@gmail.com | subject: Reminder Trigger: Release to production - 2026-03-10
[2026-03-10 05:30:04] SENT direct to fleetmanager@openlinks.co.za | subject: Reminder Trigger: Meeting with teams needing  for Upcoming weeking - 2026-03-10
[2026-03-10 05:30:04] SENT direct to fleetrep@openlinks.co.za | subject: Reminder Trigger: Meeting with teams needing  for Upcoming weeking - 2026-03-10
[2026-03-10 05:30:04] SENT direct to sindile.vena@gmail.com | subject: Reminder Trigger: Meeting with teams needing  for Upcoming weeking - 2026-03-10
[2026-03-10 05:30:04] SENT direct to driver1@openlinks.co.za | subject: Reminder Trigger: Meeting with teams needing  for Upcoming weeking - 2026-03-10
[2026-03-10 05:30:04] SENT direct to x.kalani1@gmail.com | subject: Reminder Trigger: Meeting with teams needing  for Upcoming weeking - 2026-03-10
[2026-03-10 05:30:04] SENT direct to driver2@openlinks.co.za | subject: Reminder Trigger: Meeting with teams needing  for Upcoming weeking - 2026-03-10
[2026-03-10 16:52:44] SENT direct to testman@gmail.com | subject: Assigned a New Entity that will Service Your Account
[2026-03-10 16:52:45] SENT direct to kg@gmail.com | subject: Orbit Account Assigned to Entity To Service
[2026-03-10 11:13:59] SENT direct to phillipsibanda12@yahoo.com | subject: New Reminder Created: Its Been Real
[2026-03-10 11:13:59] SENT direct to phillipsibanda711@gmail.com | subject: New Reminder Created: Its Been Real
[2026-03-10 11:13:59] SENT direct to phillipjone@gmail.com | subject: New Reminder Created: Its Been Real
[2026-03-10 11:14:00] SENT direct to sindile.vena@gmail.com | subject: New Reminder Created: Its Been Real
[2026-03-10 11:14:00] SENT direct to system@openlinks.co.za | subject: New Reminder Created: Its Been Real
[2026-03-10 11:14:00] SENT direct to s220888914@mandela.ac.za | subject: New Reminder Created: Its Been Real
[2026-03-10 11:28:18] SENT direct to phillipsibanda12@yahoo.com | subject: New Reminder Created: Phillip Account
[2026-03-10 11:28:18] SENT direct to phillipsibanda711@gmail.com | subject: New Reminder Created: Phillip Account
[2026-03-10 11:28:18] SENT direct to phillipjone@gmail.com | subject: New Reminder Created: Phillip Account
[2026-03-10 11:28:19] SENT direct to sindile.vena@gmail.com | subject: New Reminder Created: Phillip Account
[2026-03-10 11:28:19] SENT direct to system@openlinks.co.za | subject: New Reminder Created: Phillip Account
[2026-03-10 11:28:20] SENT direct to s220888914@mandela.ac.za | subject: New Reminder Created: Phillip Account
